#
# A fatal error has been detected by the Java Runtime Environment:
#
#  EXCEPTION_ACCESS_VIOLATION (0xc0000005) at pc=0x6d0b70d0, pid=2952, tid=3848
#
# JRE version: 6.0_26-b03
# Java VM: Java HotSpot(TM) Client VM (20.1-b02 mixed mode, sharing windows-x86 )
# Problematic frame:
# C  [awt.dll+0xb70d0]
#
# If you would like to submit a bug report, please visit:
#   http://java.sun.com/webapps/bugreport/crash.jsp
# The crash happened outside the Java Virtual Machine in native code.
# See problematic frame for where to report the bug.
#

---------------  T H R E A D  ---------------

Current thread (0x01a9c400):  JavaThread "AWT-Windows" daemon [_thread_in_native, id=3848, stack(0x04000000,0x04050000)]

siginfo: ExceptionCode=0xc0000005, reading address 0x00000000

Registers:
EAX=0x0404f7bc, EBX=0x01ab8940, ECX=0x00000066, EDX=0x000000c0
ESP=0x0404f7a4, EBP=0x0404f908, ESI=0x00000000, EDI=0x000000c0
EIP=0x6d0b70d0, EFLAGS=0x00010206

Top of Stack: (sp=0x0404f7a4)
0x0404f7a4:   0404f7bc 00001000 80004005 01ab22a8
0x0404f7b4:   000000c8 019f6428 80004005 6d0ae54b
0x0404f7c4:   00000000 01a9ca08 6d0b4271 00009825
0x0404f7d4:   01a9c528 00000001 00000074 ffffffff
0x0404f7e4:   ffffffff 0000007c 00000000 002b7f30
0x0404f7f4:   01a9c528 019f6428 00000000 00000000
0x0404f804:   0404f84c 0404f894 77c162e3 50eabd4c
0x0404f814:   fffffffe 77bc888d 77bc43cf 00000000 

Instructions: (pc=0x6d0b70d0)
0x6d0b70b0:   d8 56 8b b3 10 a0 00 00 1b c0 57 25 00 f0 ff ff
0x6d0b70c0:   05 00 20 00 00 50 c1 e2 05 8d 44 24 14 50 8b fa
0x6d0b70d0:   8b 16 57 c1 e1 05 51 56 ff 52 2c 85 c0 0f 8c 93
0x6d0b70e0:   00 00 00 8b 53 04 8b cf 8b 7c 24 10 8b c1 c1 e9 


Register to memory mapping:

EAX=0x0404f7bc is pointing into the stack for thread: 0x01a9c400
EBX=0x01ab8940 is an unknown value
ECX=0x00000066 is an unknown value
EDX=0x000000c0 is an unknown value
ESP=0x0404f7a4 is pointing into the stack for thread: 0x01a9c400
EBP=0x0404f908 is pointing into the stack for thread: 0x01a9c400
ESI=0x00000000 is an unknown value
EDI=0x000000c0 is an unknown value


Stack: [0x04000000,0x04050000],  sp=0x0404f7a4,  free space=317k
Native frames: (J=compiled Java code, j=interpreted, Vv=VM code, C=native code)
C  [awt.dll+0xb70d0]  D3DVertexCacher::Render+0x50
C  [awt.dll+0x9cd3a]  Java_sun_awt_windows_WToolkit_loadSystemColors+0x94a
C  [USER32.dll+0x186ef]  IsThreadDesktopComposited+0x11f
C  [USER32.dll+0x18876]  IsThreadDesktopComposited+0x2a6
C  [USER32.dll+0x170f4]  InflateRect+0x74
C  [USER32.dll+0x1738f]  DefWindowProcW+0x144
C  [ntdll.dll+0x4642e]  KiUserCallbackDispatcher+0x2e
C  [USER32.dll+0x192a9]  PeekMessageW+0xf4

Java frames: (J=compiled Java code, j=interpreted, Vv=VM code)
j  sun.awt.windows.WToolkit.eventLoop()V+0
j  sun.awt.windows.WToolkit.run()V+52
j  java.lang.Thread.run()V+11
v  ~StubRoutines::call_stub

---------------  P R O C E S S  ---------------

Java Threads: ( => current thread )
  0x07559000 JavaThread "D3D Screen Updater" daemon [_thread_in_native, id=3264, stack(0x04190000,0x041e0000)]
  0x019e1c00 JavaThread "DestroyJavaVM" [_thread_blocked, id=1752, stack(0x00240000,0x00290000)]
  0x01ab2800 JavaThread "AWT-EventQueue-0" [_thread_blocked, id=4644, stack(0x040e0000,0x04130000)]
=>0x01a9c400 JavaThread "AWT-Windows" daemon [_thread_in_native, id=3848, stack(0x04000000,0x04050000)]
  0x01a9bc00 JavaThread "AWT-Shutdown" [_thread_blocked, id=2380, stack(0x03f80000,0x03fd0000)]
  0x01a98000 JavaThread "Java2D Disposer" daemon [_thread_blocked, id=1684, stack(0x03f30000,0x03f80000)]
  0x01a56400 JavaThread "Low Memory Detector" daemon [_thread_blocked, id=4860, stack(0x03cc0000,0x03d10000)]
  0x01a47800 JavaThread "C1 CompilerThread0" daemon [_thread_blocked, id=1440, stack(0x03c70000,0x03cc0000)]
  0x01a46800 JavaThread "Attach Listener" daemon [_thread_blocked, id=2324, stack(0x03c20000,0x03c70000)]
  0x01a45800 JavaThread "Signal Dispatcher" daemon [_thread_blocked, id=1112, stack(0x03bd0000,0x03c20000)]
  0x01a40c00 JavaThread "Finalizer" daemon [_thread_blocked, id=4332, stack(0x03b80000,0x03bd0000)]
  0x01a3b800 JavaThread "Reference Handler" daemon [_thread_blocked, id=4080, stack(0x03b30000,0x03b80000)]

Other Threads:
  0x019ffc00 VMThread [stack: 0x011c0000,0x01210000] [id=2284]
  0x01a58000 WatcherThread [stack: 0x03d10000,0x03d60000] [id=4696]

VM state:not at safepoint (normal execution)

VM Mutex/Monitor currently owned by a thread: None

Heap
 def new generation   total 4928K, used 1449K [0x239d0000, 0x23f20000, 0x28f20000)
  eden space 4416K,  32% used [0x239d0000, 0x23b3a508, 0x23e20000)
  from space 512K,   0% used [0x23e20000, 0x23e20000, 0x23ea0000)
  to   space 512K,   0% used [0x23ea0000, 0x23ea0000, 0x23f20000)
 tenured generation   total 10944K, used 0K [0x28f20000, 0x299d0000, 0x339d0000)
   the space 10944K,   0% used [0x28f20000, 0x28f20000, 0x28f20200, 0x299d0000)
 compacting perm gen  total 12288K, used 214K [0x339d0000, 0x345d0000, 0x379d0000)
   the space 12288K,   1% used [0x339d0000, 0x33a05b10, 0x33a05c00, 0x345d0000)
    ro space 10240K,  51% used [0x379d0000, 0x37efdff8, 0x37efe000, 0x383d0000)
    rw space 12288K,  55% used [0x383d0000, 0x38a6c208, 0x38a6c400, 0x38fd0000)

Code Cache  [0x01ad0000, 0x01b60000, 0x03ad0000)
 total_blobs=253 nmethods=63 adapters=126 free_code_cache=32986048 largest_free_block=0

Dynamic libraries:
0x00400000 - 0x00424000 	C:\Program Files\Java\jre6\bin\javaw.exe
0x77a50000 - 0x77b8c000 	C:\Windows\SYSTEM32\ntdll.dll
0x76cd0000 - 0x76da4000 	C:\Windows\system32\kernel32.dll
0x75d90000 - 0x75dda000 	C:\Windows\system32\KERNELBASE.dll
0x75fc0000 - 0x76060000 	C:\Windows\system32\ADVAPI32.dll
0x76ae0000 - 0x76b8c000 	C:\Windows\system32\msvcrt.dll
0x77b90000 - 0x77ba9000 	C:\Windows\SYSTEM32\sechost.dll
0x76c20000 - 0x76cc1000 	C:\Windows\system32\RPCRT4.dll
0x77bb0000 - 0x77c79000 	C:\Windows\system32\USER32.dll
0x76b90000 - 0x76bde000 	C:\Windows\system32\GDI32.dll
0x76290000 - 0x7629a000 	C:\Windows\system32\LPK.dll
0x76a40000 - 0x76add000 	C:\Windows\system32\USP10.dll
0x75fa0000 - 0x75fbf000 	C:\Windows\system32\IMM32.DLL
0x76060000 - 0x7612c000 	C:\Windows\system32\MSCTF.dll
0x7c340000 - 0x7c396000 	C:\Program Files\Java\jre6\bin\msvcr71.dll
0x6d7f0000 - 0x6da9f000 	C:\Program Files\Java\jre6\bin\client\jvm.dll
0x74040000 - 0x74072000 	C:\Windows\system32\WINMM.dll
0x75ad0000 - 0x75b1b000 	C:\Windows\system32\apphelp.dll
0x6d7a0000 - 0x6d7ac000 	C:\Program Files\Java\jre6\bin\verify.dll
0x6d320000 - 0x6d33f000 	C:\Program Files\Java\jre6\bin\java.dll
0x76280000 - 0x76285000 	C:\Windows\system32\PSAPI.DLL
0x6d7e0000 - 0x6d7ef000 	C:\Program Files\Java\jre6\bin\zip.dll
0x6d000000 - 0x6d14b000 	C:\Program Files\Java\jre6\bin\awt.dll
0x73cb0000 - 0x73d01000 	C:\Windows\system32\WINSPOOL.DRV
0x76320000 - 0x7647c000 	C:\Windows\system32\ole32.dll
0x74a60000 - 0x74bfe000 	C:\Windows\WinSxS\x86_microsoft.windows.common-controls_6595b64144ccf1df_6.0.7600.16385_none_421189da2b7fabfc\COMCTL32.dll
0x76650000 - 0x766a7000 	C:\Windows\system32\SHLWAPI.dll
0x75e10000 - 0x75e94000 	C:\Windows\WinSxS\x86_microsoft.windows.common-controls_6595b64144ccf1df_5.82.7600.16385_none_ebf82fc36c758ad5\comctl32.dll
0x74590000 - 0x745a3000 	C:\Windows\system32\DWMAPI.DLL
0x75810000 - 0x75850000 	C:\Windows\system32\uxtheme.dll
0x6d230000 - 0x6d27f000 	C:\Program Files\Java\jre6\bin\fontmanager.dll
0x75b20000 - 0x75b2c000 	C:\Windows\system32\CRYPTBASE.dll
0x6f9c0000 - 0x6fb83000 	C:\Windows\system32\d3d9.dll
0x75860000 - 0x75869000 	C:\Windows\system32\VERSION.dll
0x73e00000 - 0x73e06000 	C:\Windows\system32\d3d8thk.dll
0x673c0000 - 0x67d69000 	C:\Windows\system32\nvd3dum.dll
0x74720000 - 0x74745000 	C:\Windows\system32\powrprof.dll
0x764b0000 - 0x7664d000 	C:\Windows\system32\SETUPAPI.dll
0x75de0000 - 0x75e07000 	C:\Windows\system32\CFGMGR32.dll
0x76920000 - 0x769af000 	C:\Windows\system32\OLEAUT32.dll
0x75d70000 - 0x75d82000 	C:\Windows\system32\DEVOBJ.dll

VM Arguments:
jvm_args: -Dfile.encoding=Cp1252 
java_command: mainPack.MainClass
Launcher Type: SUN_STANDARD

Environment Variables:
PATH=C:/Program Files/Java/jre6/bin/client;C:/Program Files/Java/jre6/bin;C:\Program Files\NVIDIA Corporation\PhysX\Common;C:\Program Files\PC Connectivity Solution\;C:\Windows\system32;C:\Windows;C:\Windows\System32\Wbem;C:\Windows\System32\WindowsPowerShell\v1.0\;C:\Sun\SDK\bin
USERNAME=npiulitza
OS=Windows_NT
PROCESSOR_IDENTIFIER=x86 Family 6 Model 23 Stepping 10, GenuineIntel



---------------  S Y S T E M  ---------------

OS: Windows 7 Build 7600 

CPU:total 2 (2 cores per cpu, 1 threads per core) family 6 model 23 stepping 10, cmov, cx8, fxsr, mmx, sse, sse2, sse3, ssse3

Memory: 4k page, physical 3407092k(1661104k free), swap 6814184k(4903476k free)

vm_info: Java HotSpot(TM) Client VM (20.1-b02) for windows-x86 JRE (1.6.0_26-b03), built on May  4 2011 00:50:59 by "java_re" with MS VC++ 7.1 (VS2003)

time: Wed Jul 20 21:29:40 2011
elapsed time: 49 seconds

