#
# A fatal error has been detected by the Java Runtime Environment:
#
#  EXCEPTION_ACCESS_VIOLATION (0xc0000005) at pc=0x000000005a70267a, pid=3876, tid=5796
#
# JRE version: 7.0_04-b22
# Java VM: Java HotSpot(TM) 64-Bit Server VM (23.0-b21 mixed mode windows-amd64 compressed oops)
# Problematic frame:
# C  [glass.dll+0x1267a]  Java_com_sun_glass_events_KeyEvent__1getKeyCodeForChar+0x160a
#
# Failed to write core dump. Minidumps are not enabled by default on client versions of Windows
#
# If you would like to submit a bug report, please visit:
#   http://bugreport.sun.com/bugreport/crash.jsp
# The crash happened outside the Java Virtual Machine in native code.
# See problematic frame for where to report the bug.
#

---------------  T H R E A D  ---------------

Current thread (0x000000000aaa7800):  JavaThread "JavaFX Application Thread" [_thread_in_native, id=5796, stack(0x000000000c330000,0x000000000c430000)]

siginfo: ExceptionCode=0xc0000005, reading address 0x0000000008ae1340

Registers:
RAX=0x000000001db00001, RBX=0x0000000008c34cf8, RCX=0x0000000008ae1340, RDX=0x00000000fffdf000
RSP=0x000000000c42d070, RBP=0x0000000000000401, RSI=0x000000000c42d320, RDI=0x0000000000000000
R8 =0x0000000006b30001, R9 =0x00000000058d0002, R10=0x0000000000000000, R11=0x0000000000000206
R12=0x0000000000000000, R13=0x0000000000000401, R14=0x0000000000000000, R15=0x0000000000070af2
RIP=0x000000005a70267a, EFLAGS=0x0000000000010202

Top of Stack: (sp=0x000000000c42d070)
0x000000000c42d070:   000000000214c000 0000000000180001
0x000000000c42d080:   000000005a70c093 000000000c42d0f0
0x000000000c42d090:   000000000ab1c550 000000005a6f4f3a
0x000000000c42d0a0:   000000000c42d320 000000000c42d320
0x000000000c42d0b0:   0000000000000000 0000000000000000
0x000000000c42d0c0:   0000000000000401 000000005a6f1f83
0x000000000c42d0d0:   0000000008ca4700 0000000063d6b501
0x000000000c42d0e0:   0000518c79a0c093 000000000aaa7800
0x000000000c42d0f0:   000000000c42d320 000000005a6f1268
0x000000000c42d100:   0000000000000401 000000000ab1c550
0x000000000c42d110:   0000000000000000 0000000000070af2
0x000000000c42d120:   0000000000000000 0000000077bbc3c1
0x000000000c42d130:   0000000000000401 0000000000070af2
0x000000000c42d140:   0000000000000001 0000000000000000
0x000000000c42d150:   0000000008ca4798 000000000000000b
0x000000000c42d160:   0000000000000001 0000000000000000 

Instructions: (pc=0x000000005a70267a)
0x000000005a70265a:   15 69 9b 00 00 3c 06 75 47 ff 15 5f 9b 00 00 66
0x000000005a70266a:   c1 e8 08 3c 01 72 39 48 8b 4b 30 48 85 c9 74 0a
0x000000005a70267a:   48 8b 01 ff 50 10 48 89 7b 30 48 8b 4b 38 48 85
0x000000005a70268a:   c9 74 0a 48 8b 01 ff 50 10 48 89 7b 38 48 8b 4b 


Register to memory mapping:

RAX=0x000000001db00001 is an unknown value
RBX=0x0000000008c34cf8 is an unknown value
RCX=0x0000000008ae1340 is an unknown value
RDX=0x00000000fffdf000 is an unknown value
RSP=0x000000000c42d070 is pointing into the stack for thread: 0x000000000aaa7800
RBP=0x0000000000000401 is an unknown value
RSI=0x000000000c42d320 is pointing into the stack for thread: 0x000000000aaa7800
RDI=0x0000000000000000 is an unknown value
R8 =0x0000000006b30001 is an unknown value
R9 =0x00000000058d0002 is an unknown value
R10=0x0000000000000000 is an unknown value
R11=0x0000000000000206 is an unknown value
R12=0x0000000000000000 is an unknown value
R13=0x0000000000000401 is an unknown value
R14=0x0000000000000000 is an unknown value
R15=0x0000000000070af2 is an unknown value


Stack: [0x000000000c330000,0x000000000c430000],  sp=0x000000000c42d070,  free space=1012k
Native frames: (J=compiled Java code, j=interpreted, Vv=VM code, C=native code)
C  [glass.dll+0x1267a]  Java_com_sun_glass_events_KeyEvent__1getKeyCodeForChar+0x160a

Java frames: (J=compiled Java code, j=interpreted, Vv=VM code)
j  com.sun.glass.ui.win.WinWindow._close(J)Z+0
j  com.sun.glass.ui.Window.close()V+51
j  com.sun.javafx.tk.quantum.WindowStage.close()V+15
j  javafx.stage.Window$9.invalidated()V+567
J  javafx.beans.property.BooleanPropertyBase.set(Z)V
j  javafx.stage.Window.setShowing(Z)V+11
j  javafx.stage.Window.hide()V+2
j  com.sun.javafx.stage.WindowCloseRequestHandler.dispatchBubblingEvent(Ljavafx/event/Event;)Ljavafx/event/Event;+14
J  com.sun.javafx.event.CompositeEventDispatcher.dispatchBubblingEvent(Ljavafx/event/Event;)Ljavafx/event/Event;
j  com.sun.javafx.event.BasicEventDispatcher.dispatchEvent(Ljavafx/event/Event;Ljavafx/event/EventDispatchChain;)Ljavafx/event/Event;+29
J  com.sun.javafx.event.EventDispatchChainImpl.dispatchEvent(Ljavafx/event/Event;)Ljavafx/event/Event;
j  com.sun.javafx.event.EventUtil.fireEventImpl(Ljavafx/event/EventDispatchChain;Ljavafx/event/EventTarget;Ljavafx/event/Event;)Ljavafx/event/Event;+10
j  com.sun.javafx.event.EventUtil.fireEvent(Ljavafx/event/EventTarget;Ljavafx/event/Event;)Ljavafx/event/Event;+46
j  javafx.event.Event.fireEvent(Ljavafx/event/EventTarget;Ljavafx/event/Event;)V+30
j  com.sun.javafx.stage.WindowPeerListener.closing()V+18
j  com.sun.javafx.tk.quantum.GlassWindowEventHandler.run()Ljava/lang/Void;+428
j  com.sun.javafx.tk.quantum.GlassWindowEventHandler.run()Ljava/lang/Object;+1
v  ~StubRoutines::call_stub
j  java.security.AccessController.doPrivileged(Ljava/security/PrivilegedAction;Ljava/security/AccessControlContext;)Ljava/lang/Object;+0
j  com.sun.javafx.tk.quantum.GlassWindowEventHandler.handleWindowEvent(Lcom/sun/glass/ui/Window;JI)V+28
j  com.sun.glass.ui.Window.handleWindowEvent(JI)V+14
j  com.sun.glass.ui.Window.notifyClose()V+7
v  ~StubRoutines::call_stub
j  com.sun.glass.ui.win.WinApplication._runLoop([Ljava/lang/String;Lcom/sun/glass/ui/Launchable;)V+0
j  com.sun.glass.ui.win.WinApplication.access$100(Lcom/sun/glass/ui/win/WinApplication;[Ljava/lang/String;Lcom/sun/glass/ui/Launchable;)V+3
j  com.sun.glass.ui.win.WinApplication$3$1.run()V+32
j  java.lang.Thread.run()V+11
v  ~StubRoutines::call_stub

---------------  P R O C E S S  ---------------

Java Threads: ( => current thread )
  0x00000000124ef000 JavaThread "Thread-797" daemon [_thread_in_native, id=3356, stack(0x0000000013860000,0x0000000013960000)]
  0x00000000124ef800 JavaThread "JFXMedia Player EventQueueThread" daemon [_thread_blocked, id=1060, stack(0x00000000165b0000,0x00000000166b0000)]
  0x0000000012841000 JavaThread "Thread-789" [_thread_blocked, id=4484, stack(0x0000000014670000,0x0000000014770000)]
  0x0000000012842800 JavaThread "Media Resource Disposer" daemon [_thread_blocked, id=4124, stack(0x000000001a5f0000,0x000000001a6f0000)]
  0x000000000b281000 JavaThread "Disposer" daemon [_thread_blocked, id=1968, stack(0x000000000f920000,0x000000000fa20000)]
  0x000000000b308000 JavaThread "Prism Font Disposer" daemon [_thread_blocked, id=6096, stack(0x000000000f6c0000,0x000000000f7c0000)]
  0x000000000af0e800 JavaThread "Thread-2" daemon [_thread_in_native, id=4076, stack(0x000000000ee20000,0x000000000ef20000)]
=>0x000000000aaa7800 JavaThread "JavaFX Application Thread" [_thread_in_native, id=5796, stack(0x000000000c330000,0x000000000c430000)]
  0x000000000ab35000 JavaThread "Disposer" daemon [_thread_blocked, id=5080, stack(0x000000000c1b0000,0x000000000c2b0000)]
  0x000000000ab34800 JavaThread "QuantumRenderer-0" daemon [_thread_blocked, id=5012, stack(0x000000000b7d0000,0x000000000b8d0000)]
  0x000000000a8c1000 JavaThread "JavaFX-Launcher" [_thread_blocked, id=5024, stack(0x000000000ae00000,0x000000000af00000)]
  0x0000000008cb7800 JavaThread "Service Thread" daemon [_thread_blocked, id=3900, stack(0x000000000a620000,0x000000000a720000)]
  0x0000000008caa800 JavaThread "C2 CompilerThread1" daemon [_thread_blocked, id=2068, stack(0x000000000a430000,0x000000000a530000)]
  0x0000000008ca8800 JavaThread "C2 CompilerThread0" daemon [_thread_blocked, id=3956, stack(0x000000000a2f0000,0x000000000a3f0000)]
  0x0000000008ca7800 JavaThread "Attach Listener" daemon [_thread_blocked, id=2984, stack(0x0000000009dc0000,0x0000000009ec0000)]
  0x0000000008ca0800 JavaThread "Signal Dispatcher" daemon [_thread_blocked, id=4576, stack(0x000000000a090000,0x000000000a190000)]
  0x0000000002247800 JavaThread "Finalizer" daemon [_thread_blocked, id=1692, stack(0x0000000009f20000,0x000000000a020000)]
  0x0000000008c23800 JavaThread "Reference Handler" daemon [_thread_blocked, id=3744, stack(0x0000000009cc0000,0x0000000009dc0000)]
  0x000000000214e000 JavaThread "main" [_thread_blocked, id=2016, stack(0x0000000002260000,0x0000000002360000)]

Other Threads:
  0x0000000008c22800 VMThread [stack: 0x0000000009bb0000,0x0000000009cb0000] [id=5228]
  0x0000000008cd2800 WatcherThread [stack: 0x000000000a780000,0x000000000a880000] [id=5644]

VM state:not at safepoint (normal execution)

VM Mutex/Monitor currently owned by a thread: None

Heap
 PSYoungGen      total 156288K, used 91664K [0x00000000eae00000, 0x00000000f5a80000, 0x0000000000000000)
  eden space 154112K, 58% used [0x00000000eae00000,0x00000000f056c358,0x00000000f4480000)
  from space 2176K, 98% used [0x00000000f4ba0000,0x00000000f4db7d88,0x00000000f4dc0000)
  to   space 11264K, 0% used [0x00000000f4f80000,0x00000000f4f80000,0x00000000f5a80000)
 ParOldGen       total 43264K, used 29765K [0x00000000c0a00000, 0x00000000c3440000, 0x00000000eae00000)
  object space 43264K, 68% used [0x00000000c0a00000,0x00000000c2711618,0x00000000c3440000)
 PSPermGen       total 26048K, used 25938K [0x00000000bb800000, 0x00000000bd170000, 0x00000000c0a00000)
  object space 26048K, 99% used [0x00000000bb800000,0x00000000bd154a10,0x00000000bd170000)

Code Cache  [0x0000000002470000, 0x0000000002780000, 0x0000000005470000)
 total_blobs=1692 nmethods=1056 adapters=585 free_code_cache=46140Kb largest_free_block=47174336

Compilation events (10 events):
Event: 66.447 Thread 0x0000000008ca8800 1107             com.sun.scenario.animation.AnimationPulse::getEnabled (5 bytes)
Event: 66.447 Thread 0x0000000008ca8800 nmethod 1107 0x000000000276b4d0 code [0x000000000276b600, 0x000000000276b658]
Event: 69.503 Thread 0x0000000008caa800 1108             com.sun.javafx.geom.ArcIterator::currentSegment (347 bytes)
Event: 69.535 Thread 0x0000000008ca8800 1109             com.sun.scenario.animation.NanoCurrentTime::nanos (4 bytes)
Event: 69.535 Thread 0x0000000008ca8800 nmethod 1109 0x000000000276d390 code [0x000000000276d4c0, 0x000000000276d518]
Event: 69.583 Thread 0x0000000008caa800 nmethod 1108 0x0000000002632c90 code [0x0000000002632e20, 0x00000000026333d8]
Event: 71.806 Thread 0x0000000008ca8800 1110             com.sun.javafx.geom.Path2D$CopyIterator::currentSegment (39 bytes)
Event: 71.808 Thread 0x0000000008ca8800 nmethod 1110 0x000000000263f450 code [0x000000000263f5a0, 0x000000000263f718]
Event: 74.046 Thread 0x0000000008caa800 1111   !         com.sun.javafx.tk.quantum.PaintCollector::renderAll (549 bytes)
Event: 74.073 Thread 0x0000000008caa800 nmethod 1111 0x000000000276ef90 code [0x000000000276f2c0, 0x0000000002770dd8]

GC Heap History (10 events):
Event: 9.574 GC heap before
{Heap before GC invocations=9 (full 0):
 PSYoungGen      total 71168K, used 63520K [0x00000000eae00000, 0x00000000efca0000, 0x0000000000000000)
  eden space 63360K, 100% used [0x00000000eae00000,0x00000000eebe0000,0x00000000eebe0000)
  from space 7808K, 2% used [0x00000000ef400000,0x00000000ef428000,0x00000000efba0000)
  to   space 8320K, 0% used [0x00000000eebe0000,0x00000000eebe0000,0x00000000ef400000)
 ParOldGen       total 43264K, used 17604K [0x00000000c0a00000, 0x00000000c3440000, 0x00000000eae00000)
  object space 43264K, 40% used [0x00000000c0a00000,0x00000000c1b31180,0x00000000c3440000)
 PSPermGen       total 24896K, used 24815K [0x00000000bb800000, 0x00000000bd050000, 0x00000000c0a00000)
  object space 24896K, 99% used [0x00000000bb800000,0x00000000bd03bd08,0x00000000bd050000)
Event: 9.586 GC heap after
Heap after GC invocations=9 (full 0):
 PSYoungGen      total 71680K, used 8319K [0x00000000eae00000, 0x00000000f2680000, 0x0000000000000000)
  eden space 63360K, 0% used [0x00000000eae00000,0x00000000eae00000,0x00000000eebe0000)
  from space 8320K, 99% used [0x00000000eebe0000,0x00000000ef3ffcf8,0x00000000ef400000)
  to   space 11008K, 0% used [0x00000000f1bc0000,0x00000000f1bc0000,0x00000000f2680000)
 ParOldGen       total 43264K, used 21225K [0x00000000c0a00000, 0x00000000c3440000, 0x00000000eae00000)
  object space 43264K, 49% used [0x00000000c0a00000,0x00000000c1eba5c8,0x00000000c3440000)
 PSPermGen       total 24896K, used 24815K [0x00000000bb800000, 0x00000000bd050000, 0x00000000c0a00000)
  object space 24896K, 99% used [0x00000000bb800000,0x00000000bd03bd08,0x00000000bd050000)
}
Event: 18.768 GC heap before
{Heap before GC invocations=10 (full 0):
 PSYoungGen      total 71680K, used 71679K [0x00000000eae00000, 0x00000000f2680000, 0x0000000000000000)
  eden space 63360K, 100% used [0x00000000eae00000,0x00000000eebe0000,0x00000000eebe0000)
  from space 8320K, 99% used [0x00000000eebe0000,0x00000000ef3ffcf8,0x00000000ef400000)
  to   space 11008K, 0% used [0x00000000f1bc0000,0x00000000f1bc0000,0x00000000f2680000)
 ParOldGen       total 43264K, used 21225K [0x00000000c0a00000, 0x00000000c3440000, 0x00000000eae00000)
  object space 43264K, 49% used [0x00000000c0a00000,0x00000000c1eba5c8,0x00000000c3440000)
 PSPermGen       total 25280K, used 25261K [0x00000000bb800000, 0x00000000bd0b0000, 0x00000000c0a00000)
  object space 25280K, 99% used [0x00000000bb800000,0x00000000bd0ab400,0x00000000bd0b0000)
Event: 18.779 GC heap after
Heap after GC invocations=10 (full 0):
 PSYoungGen      total 111872K, used 8031K [0x00000000eae00000, 0x00000000f2780000, 0x0000000000000000)
  eden space 100864K, 0% used [0x00000000eae00000,0x00000000eae00000,0x00000000f1080000)
  from space 11008K, 72% used [0x00000000f1bc0000,0x00000000f2397ed8,0x00000000f2680000)
  to   space 11520K, 0% used [0x00000000f1080000,0x00000000f1080000,0x00000000f1bc0000)
 ParOldGen       total 43264K, used 21241K [0x00000000c0a00000, 0x00000000c3440000, 0x00000000eae00000)
  object space 43264K, 49% used [0x00000000c0a00000,0x00000000c1ebe5c8,0x00000000c3440000)
 PSPermGen       total 25280K, used 25261K [0x00000000bb800000, 0x00000000bd0b0000, 0x00000000c0a00000)
  object space 25280K, 99% used [0x00000000bb800000,0x00000000bd0ab400,0x00000000bd0b0000)
}
Event: 29.998 GC heap before
{Heap before GC invocations=11 (full 0):
 PSYoungGen      total 111872K, used 108895K [0x00000000eae00000, 0x00000000f2780000, 0x0000000000000000)
  eden space 100864K, 100% used [0x00000000eae00000,0x00000000f1080000,0x00000000f1080000)
  from space 11008K, 72% used [0x00000000f1bc0000,0x00000000f2397ed8,0x00000000f2680000)
  to   space 11520K, 0% used [0x00000000f1080000,0x00000000f1080000,0x00000000f1bc0000)
 ParOldGen       total 43264K, used 21241K [0x00000000c0a00000, 0x00000000c3440000, 0x00000000eae00000)
  object space 43264K, 49% used [0x00000000c0a00000,0x00000000c1ebe5c8,0x00000000c3440000)
 PSPermGen       total 25664K, used 25496K [0x00000000bb800000, 0x00000000bd110000, 0x00000000c0a00000)
  object space 25664K, 99% used [0x00000000bb800000,0x00000000bd0e6080,0x00000000bd110000)
Event: 30.006 GC heap after
Heap after GC invocations=11 (full 0):
 PSYoungGen      total 112384K, used 304K [0x00000000eae00000, 0x00000000f62a0000, 0x0000000000000000)
  eden space 100864K, 0% used [0x00000000eae00000,0x00000000eae00000,0x00000000f1080000)
  from space 11520K, 2% used [0x00000000f1080000,0x00000000f10cc010,0x00000000f1bc0000)
  to   space 11776K, 0% used [0x00000000f5720000,0x00000000f5720000,0x00000000f62a0000)
 ParOldGen       total 43264K, used 29149K [0x00000000c0a00000, 0x00000000c3440000, 0x00000000eae00000)
  object space 43264K, 67% used [0x00000000c0a00000,0x00000000c26775e8,0x00000000c3440000)
 PSPermGen       total 25664K, used 25496K [0x00000000bb800000, 0x00000000bd110000, 0x00000000c0a00000)
  object space 25664K, 99% used [0x00000000bb800000,0x00000000bd0e6080,0x00000000bd110000)
}
Event: 32.631 GC heap before
{Heap before GC invocations=12 (full 0):
 PSYoungGen      total 112384K, used 101168K [0x00000000eae00000, 0x00000000f62a0000, 0x0000000000000000)
  eden space 100864K, 100% used [0x00000000eae00000,0x00000000f1080000,0x00000000f1080000)
  from space 11520K, 2% used [0x00000000f1080000,0x00000000f10cc010,0x00000000f1bc0000)
  to   space 11776K, 0% used [0x00000000f5720000,0x00000000f5720000,0x00000000f62a0000)
 ParOldGen       total 43264K, used 29149K [0x00000000c0a00000, 0x00000000c3440000, 0x00000000eae00000)
  object space 43264K, 67% used [0x00000000c0a00000,0x00000000c26775e8,0x00000000c3440000)
 PSPermGen       total 25664K, used 25518K [0x00000000bb800000, 0x00000000bd110000, 0x00000000c0a00000)
  object space 25664K, 99% used [0x00000000bb800000,0x00000000bd0eb908,0x00000000bd110000)
Event: 32.635 GC heap after
Heap after GC invocations=12 (full 0):
 PSYoungGen      total 172544K, used 5760K [0x00000000eae00000, 0x00000000f6200000, 0x0000000000000000)
  eden space 161408K, 0% used [0x00000000eae00000,0x00000000eae00000,0x00000000f4ba0000)
  from space 11136K, 51% used [0x00000000f5720000,0x00000000f5cc0020,0x00000000f6200000)
  to   space 11456K, 0% used [0x00000000f4ba0000,0x00000000f4ba0000,0x00000000f56d0000)
 ParOldGen       total 43264K, used 29317K [0x00000000c0a00000, 0x00000000c3440000, 0x00000000eae00000)
  object space 43264K, 67% used [0x00000000c0a00000,0x00000000c26a15e8,0x00000000c3440000)
 PSPermGen       total 25664K, used 25518K [0x00000000bb800000, 0x00000000bd110000, 0x00000000c0a00000)
  object space 25664K, 99% used [0x00000000bb800000,0x00000000bd0eb908,0x00000000bd110000)
}
Event: 39.607 GC heap before
{Heap before GC invocations=13 (full 0):
 PSYoungGen      total 172544K, used 167168K [0x00000000eae00000, 0x00000000f6200000, 0x0000000000000000)
  eden space 161408K, 100% used [0x00000000eae00000,0x00000000f4ba0000,0x00000000f4ba0000)
  from space 11136K, 51% used [0x00000000f5720000,0x00000000f5cc0020,0x00000000f6200000)
  to   space 11456K, 0% used [0x00000000f4ba0000,0x00000000f4ba0000,0x00000000f56d0000)
 ParOldGen       total 43264K, used 29317K [0x00000000c0a00000, 0x00000000c3440000, 0x00000000eae00000)
  object space 43264K, 67% used [0x00000000c0a00000,0x00000000c26a15e8,0x00000000c3440000)
 PSPermGen       total 25856K, used 25846K [0x00000000bb800000, 0x00000000bd140000, 0x00000000c0a00000)
  object space 25856K, 99% used [0x00000000bb800000,0x00000000bd13d8f8,0x00000000bd140000)
Event: 39.611 GC heap after
Heap after GC invocations=13 (full 0):
 PSYoungGen      total 156288K, used 2143K [0x00000000eae00000, 0x00000000f5a80000, 0x0000000000000000)
  eden space 154112K, 0% used [0x00000000eae00000,0x00000000eae00000,0x00000000f4480000)
  from space 2176K, 98% used [0x00000000f4ba0000,0x00000000f4db7d88,0x00000000f4dc0000)
  to   space 11264K, 0% used [0x00000000f4f80000,0x00000000f4f80000,0x00000000f5a80000)
 ParOldGen       total 43264K, used 29765K [0x00000000c0a00000, 0x00000000c3440000, 0x00000000eae00000)
  object space 43264K, 68% used [0x00000000c0a00000,0x00000000c2711618,0x00000000c3440000)
 PSPermGen       total 25856K, used 25846K [0x00000000bb800000, 0x00000000bd140000, 0x00000000c0a00000)
  object space 25856K, 99% used [0x00000000bb800000,0x00000000bd13d8f8,0x00000000bd140000)
}

Deoptimization events (10 events):
Event: 34.093 Thread 0x000000000ab34800 Uncommon trap -34 fr.pc 0x0000000002669d08
Event: 34.099 Thread 0x000000000ab34800 Uncommon trap -34 fr.pc 0x0000000002669d08
Event: 34.181 Thread 0x000000000ab34800 Uncommon trap -34 fr.pc 0x0000000002669d08
Event: 34.225 Thread 0x000000000ab34800 Uncommon trap -34 fr.pc 0x0000000002634e3c
Event: 34.226 Thread 0x000000000ab34800 Uncommon trap -34 fr.pc 0x0000000002669d08
Event: 34.336 Thread 0x000000000ab34800 Uncommon trap -34 fr.pc 0x0000000002634d20
Event: 34.480 Thread 0x000000000ab34800 Uncommon trap -34 fr.pc 0x0000000002634d20
Event: 34.624 Thread 0x000000000ab34800 Uncommon trap -34 fr.pc 0x0000000002634d20
Event: 39.472 Thread 0x000000000aaa7800 Uncommon trap -83 fr.pc 0x00000000026960e8
Event: 44.986 Thread 0x000000000aaa7800 Uncommon trap -83 fr.pc 0x00000000026675ac

Internal exceptions (10 events):
Event: 39.320 Thread 0x000000000ab34800 Threw 0x00000000f3fb2210 at C:\jdk7u2_64p\jdk7u4\hotspot\src\share\vm\prims\jvm.cpp:1166
Event: 39.321 Thread 0x000000000ab34800 Threw 0x00000000f3fb64d0 at C:\jdk7u2_64p\jdk7u4\hotspot\src\share\vm\prims\jvm.cpp:1166
Event: 39.343 Thread 0x000000000aaa7800 Threw 0x00000000f0395598 at C:\jdk7u2_64p\jdk7u4\hotspot\src\share\vm\prims\jvm.cpp:1166
Event: 39.443 Thread 0x000000000aaa7800 Threw 0x00000000f0398018 at C:\jdk7u2_64p\jdk7u4\hotspot\src\share\vm\prims\jvm.cpp:1166
Event: 45.122 Thread 0x000000000ab34800 Threw 0x00000000ef3ae708 at C:\jdk7u2_64p\jdk7u4\hotspot\src\share\vm\prims\jvm.cpp:1166
Event: 51.157 Thread 0x000000000aaa7800 Threw 0x00000000f0124b18 at C:\jdk7u2_64p\jdk7u4\hotspot\src\share\vm\prims\jvm.cpp:1166
Event: 51.158 Thread 0x000000000aaa7800 Threw 0x00000000f0127208 at C:\jdk7u2_64p\jdk7u4\hotspot\src\share\vm\prims\jvm.cpp:1166
Event: 51.159 Thread 0x000000000aaa7800 Threw 0x00000000f012de68 at C:\jdk7u2_64p\jdk7u4\hotspot\src\share\vm\prims\jvm.cpp:1166
Event: 51.159 Thread 0x000000000aaa7800 Threw 0x00000000f01330b0 at C:\jdk7u2_64p\jdk7u4\hotspot\src\share\vm\prims\jvm.cpp:1166
Event: 76.756 Thread 0x000000000aaa7800 Threw 0x00000000f04fa110 at C:\jdk7u2_64p\jdk7u4\hotspot\src\share\vm\prims\jvm.cpp:1166

Events (10 events):
Event: 69.568 Executing VM operation: RevokeBias
Event: 69.568 Executing VM operation: RevokeBias done
Event: 69.568 Executing VM operation: RevokeBias
Event: 69.568 Executing VM operation: RevokeBias done
Event: 69.571 Thread 0x00000000124f2000 Thread exited: 0x00000000124f2000
Event: 74.567 Executing VM operation: RevokeBias
Event: 74.567 Executing VM operation: RevokeBias done
Event: 74.567 Thread 0x00000000124ee000 Thread exited: 0x00000000124ee000
Event: 76.756 loading class 0x000000000aaaac80
Event: 76.756 loading class 0x000000000aaaac80 done


Dynamic libraries:
0x000000003f0a0000 - 0x000000003f0d4000 	C:\Program Files\Java\jre7\bin\javaw.exe
0x0000000077ca0000 - 0x0000000077e4b000 	C:\Windows\SYSTEM32\ntdll.dll
0x0000000077a80000 - 0x0000000077b9f000 	C:\Windows\system32\kernel32.dll
0x00000000fdcb0000 - 0x00000000fdd1b000 	C:\Windows\system32\KERNELBASE.dll
0x00000000fe530000 - 0x00000000fe60b000 	C:\Windows\system32\ADVAPI32.dll
0x00000000ffe10000 - 0x00000000ffeaf000 	C:\Windows\system32\msvcrt.dll
0x00000000fff90000 - 0x00000000fffaf000 	C:\Windows\SYSTEM32\sechost.dll
0x00000000fdfd0000 - 0x00000000fe0fe000 	C:\Windows\system32\RPCRT4.dll
0x0000000077ba0000 - 0x0000000077c9a000 	C:\Windows\system32\USER32.dll
0x00000000fe910000 - 0x00000000fe977000 	C:\Windows\system32\GDI32.dll
0x00000000fe8a0000 - 0x00000000fe8ae000 	C:\Windows\system32\LPK.dll
0x00000000ff9b0000 - 0x00000000ffa7a000 	C:\Windows\system32\USP10.dll
0x00000000fc3f0000 - 0x00000000fc5e4000 	C:\Windows\WinSxS\amd64_microsoft.windows.common-controls_6595b64144ccf1df_6.0.7600.16385_none_fa645303170382f6\COMCTL32.dll
0x00000000fe820000 - 0x00000000fe891000 	C:\Windows\system32\SHLWAPI.dll
0x00000000ff7d0000 - 0x00000000ff7fe000 	C:\Windows\system32\IMM32.DLL
0x00000000ff8a0000 - 0x00000000ff9a9000 	C:\Windows\system32\MSCTF.dll
0x0000000066cf0000 - 0x0000000066dc1000 	C:\Program Files\Java\jre7\bin\msvcr100.dll
0x0000000063d30000 - 0x000000006444a000 	C:\Program Files\Java\jre7\bin\server\jvm.dll
0x00000000fcb60000 - 0x00000000fcb69000 	C:\Windows\system32\WSOCK32.dll
0x00000000fe4e0000 - 0x00000000fe52d000 	C:\Windows\system32\WS2_32.dll
0x00000000fe900000 - 0x00000000fe908000 	C:\Windows\system32\NSI.dll
0x00000000fa830000 - 0x00000000fa86b000 	C:\Windows\system32\WINMM.dll
0x0000000077e70000 - 0x0000000077e77000 	C:\Windows\system32\PSAPI.DLL
0x000000006fed0000 - 0x000000006fedf000 	C:\Program Files\Java\jre7\bin\verify.dll
0x000000006a520000 - 0x000000006a548000 	C:\Program Files\Java\jre7\bin\java.dll
0x000000006a560000 - 0x000000006a575000 	C:\Program Files\Java\jre7\bin\zip.dll
0x000000005a580000 - 0x000000005a651000 	C:\Program Files\Java\jdk1.7.0_21\jre\bin\msvcr100.dll
0x000000005a730000 - 0x000000005a73f000 	C:\Program Files\Java\jdk1.7.0_21\jre\bin\prism-d3d.dll
0x00000000ebfb0000 - 0x00000000ec1af000 	C:\Windows\system32\d3d9.dll
0x00000000fcd20000 - 0x00000000fcd2c000 	C:\Windows\system32\VERSION.dll
0x00000000f2090000 - 0x00000000f2097000 	C:\Windows\system32\d3d8thk.dll
0x00000000fbc40000 - 0x00000000fbc58000 	C:\Windows\system32\dwmapi.dll
0x00000000fc190000 - 0x00000000fc1e6000 	C:\Windows\system32\uxtheme.dll
0x0000000075640000 - 0x0000000075729000 	C:\Windows\system32\aticfx64.dll
0x00000000f2030000 - 0x00000000f203e000 	C:\Windows\system32\atiu9p64.dll
0x000000006eb50000 - 0x000000006f288000 	C:\Windows\system32\atiumd64.dll
0x000000006f5e0000 - 0x000000006f9cf000 	C:\Windows\system32\atiumd6a.dll
0x000000005a6f0000 - 0x000000005a722000 	C:\Program Files\Java\jdk1.7.0_21\jre\bin\glass.dll
0x00000000fe980000 - 0x00000000fea18000 	C:\Windows\system32\COMDLG32.dll
0x00000000fea40000 - 0x00000000ff7c6000 	C:\Windows\system32\SHELL32.dll
0x00000000fe610000 - 0x00000000fe811000 	C:\Windows\system32\ole32.dll
0x00000000ffeb0000 - 0x00000000fff87000 	C:\Windows\system32\OLEAUT32.dll
0x00000000fdb30000 - 0x00000000fdb3f000 	C:\Windows\system32\CRYPTBASE.dll
0x00000000ff800000 - 0x00000000ff899000 	C:\Windows\system32\CLBCatQ.DLL
0x00000000fb980000 - 0x00000000fbaaa000 	C:\Windows\system32\WindowsCodecs.dll
0x00000000fdad0000 - 0x00000000fdb27000 	C:\Windows\system32\apphelp.dll
0x00000000f7b90000 - 0x00000000f7bc5000 	C:\Windows\system32\EhStorShell.dll
0x00000000ffc30000 - 0x00000000ffe07000 	C:\Windows\system32\SETUPAPI.dll
0x00000000fdd20000 - 0x00000000fdd56000 	C:\Windows\system32\CFGMGR32.dll
0x00000000fde40000 - 0x00000000fde5a000 	C:\Windows\system32\DEVOBJ.dll
0x00000000fc630000 - 0x00000000fc75c000 	C:\Windows\system32\PROPSYS.dll
0x00000000f7b10000 - 0x00000000f7b8e000 	C:\Windows\System32\cscui.dll
0x00000000f7b00000 - 0x00000000f7b0c000 	C:\Windows\System32\CSCDLL.dll
0x00000000fc8c0000 - 0x00000000fc8cf000 	C:\Windows\system32\CSCAPI.dll
0x00000000f7a80000 - 0x00000000f7b00000 	C:\Windows\system32\ntshrui.dll
0x00000000fd770000 - 0x00000000fd793000 	C:\Windows\system32\srvcli.dll
0x00000000fbb00000 - 0x00000000fbb0b000 	C:\Windows\system32\slc.dll
0x000000005a6a0000 - 0x000000005a6ef000 	C:\Program Files\Java\jdk1.7.0_21\jre\bin\javafx-font.dll
0x000000005a4e0000 - 0x000000005a572000 	C:\Program Files\Java\jdk1.7.0_21\jre\bin\libxml2.dll
0x000000005a660000 - 0x000000005a693000 	C:\Program Files\Java\jdk1.7.0_21\jre\bin\libxslt.dll
0x00000000596a0000 - 0x000000005a4d7000 	C:\Program Files\Java\jdk1.7.0_21\jre\bin\jfxwebkit.dll
0x000000006a500000 - 0x000000006a519000 	C:\Program Files\Java\jre7\bin\net.dll
0x00000000fd470000 - 0x00000000fd4c4000 	C:\Windows\system32\mswsock.dll
0x00000000fd460000 - 0x00000000fd467000 	C:\Windows\System32\wship6.dll
0x000000006a3f0000 - 0x000000006a401000 	C:\Program Files\Java\jre7\bin\nio.dll
0x00000000fce40000 - 0x00000000fce47000 	C:\Windows\System32\wshtcpip.dll
0x00000000fd2f0000 - 0x00000000fd34b000 	C:\Windows\system32\DNSAPI.dll
0x0000000063560000 - 0x0000000063569000 	C:\Program Files\National Instruments\Shared\mDNS Responder\nimdnsNSP.dll
0x0000000063550000 - 0x000000006355c000 	C:\Windows\system32\nimdnsResponder.dll
0x0000000073e90000 - 0x0000000073f33000 	C:\Windows\WinSxS\amd64_microsoft.vc90.crt_1fc8b3b9a1e18e3b_9.0.30729.6161_none_08e61857a83bc251\MSVCR90.dll
0x00000000fb910000 - 0x00000000fb937000 	C:\Windows\system32\Iphlpapi.DLL
0x00000000fb900000 - 0x00000000fb90b000 	C:\Windows\system32\WINNSI.DLL
0x00000000f9dd0000 - 0x00000000f9dd8000 	C:\Windows\system32\rasadhlp.dll
0x00000000fb610000 - 0x00000000fb663000 	C:\Windows\System32\fwpuclnt.dll
0x00000000fd4d0000 - 0x00000000fd4e7000 	C:\Windows\system32\CRYPTSP.dll
0x00000000fd1d0000 - 0x00000000fd217000 	C:\Windows\system32\rsaenh.dll
0x000000006d4f0000 - 0x000000006d514000 	C:\Program Files\Java\jre7\bin\sunec.dll
0x000000005acd0000 - 0x000000005acdb000 	C:\Program Files\Java\jre7\bin\sunmscapi.dll
0x00000000fde60000 - 0x00000000fdfc6000 	C:\Windows\system32\CRYPT32.dll
0x00000000fdca0000 - 0x00000000fdcaf000 	C:\Windows\system32\MSASN1.dll
0x00000000fcf40000 - 0x00000000fcf5e000 	C:\Windows\system32\USERENV.dll
0x00000000fdc00000 - 0x00000000fdc0f000 	C:\Windows\system32\profapi.dll
0x00000000fbce0000 - 0x00000000fbcf5000 	C:\Windows\system32\NLAapi.dll
0x00000000fb770000 - 0x00000000fb77b000 	C:\Windows\System32\winrnr.dll
0x00000000fb4b0000 - 0x00000000fb4c5000 	C:\Windows\system32\napinsp.dll
0x00000000faae0000 - 0x00000000faaf9000 	C:\Windows\system32\pnrpnsp.dll
0x0000000059620000 - 0x000000005965a000 	C:\Program Files\Java\jdk1.7.0_21\jre\bin\javafx-iio.dll
0x0000000059590000 - 0x000000005961a000 	C:\Program Files\Java\jdk1.7.0_21\jre\bin\glib-lite.dll
0x00000000594f0000 - 0x000000005958e000 	C:\Program Files\Java\jdk1.7.0_21\jre\bin\gstreamer-lite.dll
0x00000000f70d0000 - 0x00000000f7158000 	C:\Windows\system32\DSOUND.dll
0x00000000fcdf0000 - 0x00000000fce1c000 	C:\Windows\system32\POWRPROF.dll
0x0000000059670000 - 0x0000000059693000 	C:\Program Files\Java\jdk1.7.0_21\jre\bin\jfxmedia.dll
0x00000000fdaa0000 - 0x00000000fdac5000 	C:\Windows\system32\SspiCli.dll
0x00000000594c0000 - 0x00000000594f0000 	C:\Program Files\Java\jdk1.7.0_21\jre\bin\fxplugins.dll
0x00000000eab80000 - 0x00000000eabec000 	C:\Windows\System32\MFPlat.DLL
0x00000000fcb50000 - 0x00000000fcb59000 	C:\Windows\System32\AVRT.dll
0x00000000fc760000 - 0x00000000fc7ab000 	C:\Windows\System32\MMDevApi.dll
0x00000000fb460000 - 0x00000000fb4af000 	C:\Windows\system32\AUDIOSES.DLL
0x00000000e3f40000 - 0x00000000e41c8000 	C:\Windows\System32\msmpeg2vdec.dll
0x00000000e5bd0000 - 0x00000000e5c6e000 	C:\Windows\System32\EVR.dll
0x00000000f9040000 - 0x00000000f9080000 	C:\Windows\System32\sqmapi.dll
0x00000000fd620000 - 0x00000000fd642000 	C:\Windows\System32\bcrypt.dll
0x00000000e3df0000 - 0x00000000e3f33000 	C:\Windows\System32\msmpeg2adec.dll
0x00000000e42a0000 - 0x00000000e4452000 	C:\Windows\system32\quartz.dll
0x00000000ef010000 - 0x00000000ef135000 	C:\Windows\system32\dbghelp.dll

VM Arguments:
jvm_args: -Dfile.encoding=Cp1252 
java_command: mainPack.FereastraPrincipala
Launcher Type: SUN_STANDARD

Environment Variables:
PATH=C:\Program Files (x86)\AMD APP\bin\x86_64;C:\Program Files (x86)\AMD APP\bin\x86;C:\Windows\system32;C:\Windows;C:\Windows\System32\Wbem;C:\Windows\System32\WindowsPowerShell\v1.0\;C:\Program Files (x86)\ATI Technologies\ATI.ACE\Core-Static;C:\Users\niki\Downloads\lastfm-java-0.1.2;C:\Modeltech_pe_edu_10.1d\win32pe_edu;C:\Modeltech_pe_edu_10.2a\win32pe_edu
USERNAME=niki
OS=Windows_NT
PROCESSOR_IDENTIFIER=Intel64 Family 6 Model 42 Stepping 7, GenuineIntel



---------------  S Y S T E M  ---------------

OS: Windows 7 , 64 bit Build 7600 

CPU:total 4 (2 cores per cpu, 2 threads per core) family 6 model 42 stepping 7, cmov, cx8, fxsr, mmx, sse, sse2, sse3, ssse3, sse4.1, sse4.2, popcnt, ht, tsc, tscinvbit

Memory: 4k page, physical 4153144k(922760k free), swap 8304392k(3388704k free)

vm_info: Java HotSpot(TM) 64-Bit Server VM (23.0-b21) for windows-amd64 JRE (1.7.0_04-b22), built on May  2 2012 23:28:26 by "java_re" with unknown MS VC++:1600

time: Thu May 16 00:02:15 2013
elapsed time: 76 seconds

