#
# A fatal error has been detected by the Java Runtime Environment:
#
#  EXCEPTION_ACCESS_VIOLATION (0xc0000005) at pc=0x00000000fa41238c, pid=2716, tid=1692
#
# JRE version: 7.0_04-b22
# Java VM: Java HotSpot(TM) 64-Bit Server VM (23.0-b21 mixed mode windows-amd64 compressed oops)
# Problematic frame:
# C  [glass.dll+0x1238c]  Java_com_sun_glass_ui_win_WinGestureSupport__1initIDs+0x69c
#
# Failed to write core dump. Minidumps are not enabled by default on client versions of Windows
#
# If you would like to submit a bug report, please visit:
#   http://bugreport.sun.com/bugreport/crash.jsp
# The crash happened outside the Java Virtual Machine in native code.
# See problematic frame for where to report the bug.
#

---------------  T H R E A D  ---------------

Current thread (0x000000000a934800):  JavaThread "JavaFX Application Thread" [_thread_in_native, id=1692, stack(0x000000000ba70000,0x000000000bb70000)]

siginfo: ExceptionCode=0xc0000005, reading address 0x0000000000000010

Registers:
RAX=0x0000000000000000, RBX=0x000000000ac75408, RCX=0x0000000009ac1340, RDX=0x00000000fffdc000
RSP=0x000000000bb6d6c0, RBP=0x0000000000000401, RSI=0x000000000bb6d970, RDI=0x000000000aa56110
R8 =0x0000000006a40001, R9 =0x0000000004f40002, R10=0x0000000000000000, R11=0x0000000000000206
R12=0x0000000000000000, R13=0x0000000000000401, R14=0x0000000000000000, R15=0x000000000007071e
RIP=0x00000000fa41238c, EFLAGS=0x0000000000010202

Top of Stack: (sp=0x000000000bb6d6c0)
0x000000000bb6d6c0:   000000000013a400 0000000000180001
0x000000000bb6d6d0:   000007fefa41c093 000000000bb6d740
0x000000000bb6d6e0:   000000000bb6d970 000007fefa404a9a
0x000000000bb6d6f0:   000000000aa56110 000000000bb6d970
0x000000000bb6d700:   0000000000000000 0000000000000000
0x000000000bb6d710:   0000000000000401 000007fefa401dd3
0x000000000bb6d720:   000000000a943400 000000006ceeb501
0x000000000bb6d730:   00005127663cc093 000000000a934800
0x000000000bb6d740:   000000000bb6d970 000007fefa401258
0x000000000bb6d750:   0000000000000401 000000000aa56110
0x000000000bb6d760:   0000000000000000 000000000007071e
0x000000000bb6d770:   0000000000000000 0000000077bbc3c1
0x000000000bb6d780:   0000000000000401 000000000007071e
0x000000000bb6d790:   0000000000000001 0000000000000000
0x000000000bb6d7a0:   000000000a9434b0 000000000000000b
0x000000000bb6d7b0:   000007fe00000001 0000000000000000 

Instructions: (pc=0x00000000fa41238c)
0x00000000fa41236c:   50 ff 15 4d 7e 00 00 66 c1 e8 08 3c 01 72 42 48
0x00000000fa41237c:   8b 4b 28 48 89 7c 24 30 48 85 c9 74 0e 48 8b 01
0x00000000fa41238c:   ff 50 10 48 c7 43 28 00 00 00 00 48 8b 7b 30 48
0x00000000fa41239c:   85 ff 74 10 48 8b cf e8 18 e4 ff ff 48 8b cf e8 


Register to memory mapping:

RAX=0x0000000000000000 is an unknown value
RBX=0x000000000ac75408 is an unknown value
RCX=0x0000000009ac1340 is an unknown value
RDX=0x00000000fffdc000 is an unknown value
RSP=0x000000000bb6d6c0 is pointing into the stack for thread: 0x000000000a934800
RBP=0x0000000000000401 is an unknown value
RSI=0x000000000bb6d970 is pointing into the stack for thread: 0x000000000a934800
RDI=0x000000000aa56110 is an unknown value
R8 =0x0000000006a40001 is an unknown value
R9 =0x0000000004f40002 is an unknown value
R10=0x0000000000000000 is an unknown value
R11=0x0000000000000206 is an unknown value
R12=0x0000000000000000 is an unknown value
R13=0x0000000000000401 is an unknown value
R14=0x0000000000000000 is an unknown value
R15=0x000000000007071e is an unknown value


Stack: [0x000000000ba70000,0x000000000bb70000],  sp=0x000000000bb6d6c0,  free space=1013k
Native frames: (J=compiled Java code, j=interpreted, Vv=VM code, C=native code)
C  [glass.dll+0x1238c]  Java_com_sun_glass_ui_win_WinGestureSupport__1initIDs+0x69c

Java frames: (J=compiled Java code, j=interpreted, Vv=VM code)
j  com.sun.glass.ui.win.WinWindow._close(J)Z+0
j  com.sun.glass.ui.Window.close()V+51
j  com.sun.javafx.tk.quantum.WindowStage.close()V+15
j  javafx.stage.Window$10.invalidated()V+561
j  javafx.beans.property.BooleanPropertyBase.markInvalid()V+13
j  javafx.beans.property.BooleanPropertyBase.set(Z)V+31
j  javafx.stage.Window.setShowing(Z)V+11
j  javafx.stage.Window.hide()V+2
j  com.sun.javafx.stage.WindowCloseRequestHandler.dispatchBubblingEvent(Ljavafx/event/Event;)Ljavafx/event/Event;+14
j  com.sun.javafx.event.CompositeEventDispatcher.dispatchBubblingEvent(Ljavafx/event/Event;)Ljavafx/event/Event;+11
j  com.sun.javafx.event.BasicEventDispatcher.dispatchEvent(Ljavafx/event/Event;Ljavafx/event/EventDispatchChain;)Ljavafx/event/Event;+29
j  com.sun.javafx.event.EventDispatchChainImpl.dispatchEvent(Ljavafx/event/Event;)Ljavafx/event/Event;+69
j  com.sun.javafx.event.EventUtil.fireEventImpl(Ljavafx/event/EventDispatchChain;Ljavafx/event/EventTarget;Ljavafx/event/Event;)Ljavafx/event/Event;+10
j  com.sun.javafx.event.EventUtil.fireEvent(Ljavafx/event/EventTarget;Ljavafx/event/Event;)Ljavafx/event/Event;+46
j  javafx.event.Event.fireEvent(Ljavafx/event/EventTarget;Ljavafx/event/Event;)V+30
j  com.sun.javafx.stage.WindowPeerListener.closing()V+18
j  com.sun.javafx.tk.quantum.GlassWindowEventHandler.handleWindowEvent(Lcom/sun/glass/ui/Window;JI)V+416
j  com.sun.glass.ui.Window.handleWindowEvent(JI)V+14
j  com.sun.glass.ui.Window.notifyClose()V+7
v  ~StubRoutines::call_stub
j  com.sun.glass.ui.win.WinApplication._runLoop([Ljava/lang/String;Lcom/sun/glass/ui/Launchable;)V+0
j  com.sun.glass.ui.win.WinApplication.access$100(Lcom/sun/glass/ui/win/WinApplication;[Ljava/lang/String;Lcom/sun/glass/ui/Launchable;)V+3
j  com.sun.glass.ui.win.WinApplication$2$1.run()V+32
j  java.lang.Thread.run()V+11
v  ~StubRoutines::call_stub

---------------  P R O C E S S  ---------------

Java Threads: ( => current thread )
  0x00000000116bd800 JavaThread "Thread-18" daemon [_thread_in_native, id=4264, stack(0x0000000017e00000,0x0000000017f00000)]
  0x000000000a941800 JavaThread "Thread-16" daemon [_thread_in_native, id=5112, stack(0x0000000017e40000,0x0000000017f40000)]
  0x000000000a940000 JavaThread "Thread-15" daemon [_thread_in_native, id=3956, stack(0x00000000146a0000,0x00000000147a0000)]
  0x000000000a93e800 JavaThread "Thread-14" daemon [_thread_in_native, id=4296, stack(0x0000000014bc0000,0x0000000014cc0000)]
  0x000000000a93c000 JavaThread "Thread-13" daemon [_thread_in_native, id=1752, stack(0x0000000015380000,0x0000000015480000)]
  0x000000000a93d800 JavaThread "JFXMedia Player EventQueueThread" daemon [_thread_blocked, id=4468, stack(0x0000000014240000,0x0000000014340000)]
  0x00000000116c3800 JavaThread "Media Resource Disposer" daemon [_thread_blocked, id=4472, stack(0x0000000019dd0000,0x0000000019ed0000)]
  0x00000000116c3000 JavaThread "Thread-10" daemon [_thread_in_native, id=1176, stack(0x0000000018150000,0x0000000018250000)]
  0x00000000116c0800 JavaThread "Thread-6" daemon [_thread_in_native, id=1056, stack(0x0000000013880000,0x0000000013980000)]
  0x000000000a93a000 JavaThread "Prism Font Disposer" daemon [_thread_blocked, id=4940, stack(0x0000000012670000,0x0000000012770000)]
  0x000000000a936000 JavaThread "Disposer" daemon [_thread_blocked, id=4756, stack(0x000000000e810000,0x000000000e910000)]
  0x000000000a935800 JavaThread "Thread-2" daemon [_thread_in_native, id=4792, stack(0x000000000e5e0000,0x000000000e6e0000)]
=>0x000000000a934800 JavaThread "JavaFX Application Thread" [_thread_in_native, id=1692, stack(0x000000000ba70000,0x000000000bb70000)]
  0x000000000a934000 JavaThread "Disposer" daemon [_thread_blocked, id=4740, stack(0x000000000bbc0000,0x000000000bcc0000)]
  0x000000000a933000 JavaThread "QuantumRenderer-0" daemon [_thread_blocked, id=4880, stack(0x000000000b070000,0x000000000b170000)]
  0x000000000a932800 JavaThread "JavaFX-Launcher" [_thread_blocked, id=812, stack(0x000000000a090000,0x000000000a190000)]
  0x0000000008c48800 JavaThread "Service Thread" daemon [_thread_blocked, id=3848, stack(0x000000000a6a0000,0x000000000a7a0000)]
  0x0000000008c3c800 JavaThread "C2 CompilerThread1" daemon [_thread_blocked, id=4700, stack(0x000000000a550000,0x000000000a650000)]
  0x0000000008c28800 JavaThread "C2 CompilerThread0" daemon [_thread_blocked, id=4888, stack(0x000000000a400000,0x000000000a500000)]
  0x0000000008c27800 JavaThread "Attach Listener" daemon [_thread_blocked, id=1996, stack(0x000000000a250000,0x000000000a350000)]
  0x0000000008c20000 JavaThread "Signal Dispatcher" daemon [_thread_blocked, id=3496, stack(0x0000000009f90000,0x000000000a090000)]
  0x0000000008b56800 JavaThread "Finalizer" daemon [_thread_blocked, id=3612, stack(0x0000000009cc0000,0x0000000009dc0000)]
  0x0000000008b4f800 JavaThread "Reference Handler" daemon [_thread_blocked, id=4004, stack(0x0000000009df0000,0x0000000009ef0000)]
  0x000000000013c800 JavaThread "main" [_thread_blocked, id=5080, stack(0x0000000002320000,0x0000000002420000)]

Other Threads:
  0x0000000008b48000 VMThread [stack: 0x0000000009b00000,0x0000000009c00000] [id=1916]
  0x0000000008c53800 WatcherThread [stack: 0x000000000a820000,0x000000000a920000] [id=1164]

VM state:not at safepoint (normal execution)

VM Mutex/Monitor currently owned by a thread: None

Heap
 PSYoungGen      total 134976K, used 53230K [0x00000000eae00000, 0x00000000f8750000, 0x0000000000000000)
  eden space 129856K, 37% used [0x00000000eae00000,0x00000000edcfcca8,0x00000000f2cd0000)
  from space 5120K, 99% used [0x00000000f2cd0000,0x00000000f31cedf8,0x00000000f31d0000)
  to   space 7360K, 0% used [0x00000000f8020000,0x00000000f8020000,0x00000000f8750000)
 ParOldGen       total 43264K, used 8392K [0x00000000c0a00000, 0x00000000c3440000, 0x00000000eae00000)
  object space 43264K, 19% used [0x00000000c0a00000,0x00000000c1232118,0x00000000c3440000)
 PSPermGen       total 21248K, used 16427K [0x00000000bb800000, 0x00000000bccc0000, 0x00000000c0a00000)
  object space 21248K, 77% used [0x00000000bb800000,0x00000000bc80aea0,0x00000000bccc0000)

Code Cache  [0x0000000002420000, 0x0000000002690000, 0x0000000005420000)
 total_blobs=1296 nmethods=709 adapters=538 free_code_cache=47239Kb largest_free_block=48302592

Compilation events (10 events):
Event: 252.407 Thread 0x0000000008c3c800  726             com.sun.scenario.effect.Effect::access$100 (5 bytes)
Event: 252.407 Thread 0x0000000008c28800  725             com.sun.scenario.effect.Effect$InputChangeListener::propertyChange (18 bytes)
Event: 252.408 Thread 0x0000000008c3c800 nmethod 726 0x000000000260de90 code [0x000000000260dfc0, 0x000000000260e018]
Event: 252.408 Thread 0x0000000008c3c800  727             com.sun.prism.impl.VertexBuffer::addVertNoCheck (50 bytes)
Event: 252.410 Thread 0x0000000008c3c800 nmethod 727 0x000000000260b410 code [0x000000000260b560, 0x000000000260b798]
Event: 252.412 Thread 0x0000000008c28800 nmethod 725 0x0000000002608d10 code [0x0000000002608e80, 0x0000000002609228]
Event: 253.327 Thread 0x0000000008c3c800  728             com.sun.javafx.geom.transform.BaseTransform::getInstance (52 bytes)
Event: 253.331 Thread 0x0000000008c3c800 nmethod 728 0x0000000002608210 code [0x00000000026083c0, 0x00000000026086f8]
Event: 291.579 Thread 0x0000000008c28800  729             java.util.logging.Logger::log (57 bytes)
Event: 291.580 Thread 0x0000000008c28800 nmethod 729 0x0000000002605150 code [0x0000000002605280, 0x0000000002605318]

GC Heap History (10 events):
Event: 4.281 GC heap before
{Heap before GC invocations=5 (full 0):
 PSYoungGen      total 35200K, used 35171K [0x00000000eae00000, 0x00000000ed300000, 0x0000000000000000)
  eden space 32512K, 99% used [0x00000000eae00000,0x00000000ecdba410,0x00000000ecdc0000)
  from space 2688K, 99% used [0x00000000ed060000,0x00000000ed2feb88,0x00000000ed300000)
  to   space 2688K, 0% used [0x00000000ecdc0000,0x00000000ecdc0000,0x00000000ed060000)
 ParOldGen       total 43264K, used 2266K [0x00000000c0a00000, 0x00000000c3440000, 0x00000000eae00000)
  object space 43264K, 5% used [0x00000000c0a00000,0x00000000c0c36af8,0x00000000c3440000)
 PSPermGen       total 21248K, used 13065K [0x00000000bb800000, 0x00000000bccc0000, 0x00000000c0a00000)
  object space 21248K, 61% used [0x00000000bb800000,0x00000000bc4c25a8,0x00000000bccc0000)
Event: 4.285 GC heap after
Heap after GC invocations=5 (full 0):
 PSYoungGen      total 35200K, used 2659K [0x00000000eae00000, 0x00000000ef680000, 0x0000000000000000)
  eden space 32512K, 0% used [0x00000000eae00000,0x00000000eae00000,0x00000000ecdc0000)
  from space 2688K, 98% used [0x00000000ecdc0000,0x00000000ed058f98,0x00000000ed060000)
  to   space 4608K, 0% used [0x00000000ef200000,0x00000000ef200000,0x00000000ef680000)
 ParOldGen       total 43264K, used 2322K [0x00000000c0a00000, 0x00000000c3440000, 0x00000000eae00000)
  object space 43264K, 5% used [0x00000000c0a00000,0x00000000c0c44af8,0x00000000c3440000)
 PSPermGen       total 21248K, used 13065K [0x00000000bb800000, 0x00000000bccc0000, 0x00000000c0a00000)
  object space 21248K, 61% used [0x00000000bb800000,0x00000000bc4c25a8,0x00000000bccc0000)
}
Event: 4.295 GC heap before
{Heap before GC invocations=6 (full 0):
 PSYoungGen      total 35200K, used 35125K [0x00000000eae00000, 0x00000000ef680000, 0x0000000000000000)
  eden space 32512K, 99% used [0x00000000eae00000,0x00000000ecdb4498,0x00000000ecdc0000)
  from space 2688K, 98% used [0x00000000ecdc0000,0x00000000ed058f98,0x00000000ed060000)
  to   space 4608K, 0% used [0x00000000ef200000,0x00000000ef200000,0x00000000ef680000)
 ParOldGen       total 43264K, used 2322K [0x00000000c0a00000, 0x00000000c3440000, 0x00000000eae00000)
  object space 43264K, 5% used [0x00000000c0a00000,0x00000000c0c44af8,0x00000000c3440000)
 PSPermGen       total 21248K, used 13065K [0x00000000bb800000, 0x00000000bccc0000, 0x00000000c0a00000)
  object space 21248K, 61% used [0x00000000bb800000,0x00000000bc4c25a8,0x00000000bccc0000)
Event: 4.300 GC heap after
Heap after GC invocations=6 (full 0):
 PSYoungGen      total 69376K, used 2679K [0x00000000eae00000, 0x00000000ef640000, 0x0000000000000000)
  eden space 65024K, 0% used [0x00000000eae00000,0x00000000eae00000,0x00000000eed80000)
  from space 4352K, 61% used [0x00000000ef200000,0x00000000ef49dea0,0x00000000ef640000)
  to   space 4480K, 0% used [0x00000000eed80000,0x00000000eed80000,0x00000000ef1e0000)
 ParOldGen       total 43264K, used 2322K [0x00000000c0a00000, 0x00000000c3440000, 0x00000000eae00000)
  object space 43264K, 5% used [0x00000000c0a00000,0x00000000c0c44af8,0x00000000c3440000)
 PSPermGen       total 21248K, used 13065K [0x00000000bb800000, 0x00000000bccc0000, 0x00000000c0a00000)
  object space 21248K, 61% used [0x00000000bb800000,0x00000000bc4c25a8,0x00000000bccc0000)
}
Event: 4.323 GC heap before
{Heap before GC invocations=7 (full 0):
 PSYoungGen      total 69376K, used 67594K [0x00000000eae00000, 0x00000000ef640000, 0x0000000000000000)
  eden space 65024K, 99% used [0x00000000eae00000,0x00000000eed64d50,0x00000000eed80000)
  from space 4352K, 61% used [0x00000000ef200000,0x00000000ef49dea0,0x00000000ef640000)
  to   space 4480K, 0% used [0x00000000eed80000,0x00000000eed80000,0x00000000ef1e0000)
 ParOldGen       total 43264K, used 2322K [0x00000000c0a00000, 0x00000000c3440000, 0x00000000eae00000)
  object space 43264K, 5% used [0x00000000c0a00000,0x00000000c0c44af8,0x00000000c3440000)
 PSPermGen       total 21248K, used 13065K [0x00000000bb800000, 0x00000000bccc0000, 0x00000000c0a00000)
  object space 21248K, 61% used [0x00000000bb800000,0x00000000bc4c25a8,0x00000000bccc0000)
Event: 4.327 GC heap after
Heap after GC invocations=7 (full 0):
 PSYoungGen      total 69504K, used 156K [0x00000000eae00000, 0x00000000f36a0000, 0x0000000000000000)
  eden space 65024K, 0% used [0x00000000eae00000,0x00000000eae00000,0x00000000eed80000)
  from space 4480K, 3% used [0x00000000eed80000,0x00000000eeda7340,0x00000000ef1e0000)
  to   space 4928K, 0% used [0x00000000f31d0000,0x00000000f31d0000,0x00000000f36a0000)
 ParOldGen       total 43264K, used 4886K [0x00000000c0a00000, 0x00000000c3440000, 0x00000000eae00000)
  object space 43264K, 11% used [0x00000000c0a00000,0x00000000c0ec5838,0x00000000c3440000)
 PSPermGen       total 21248K, used 13065K [0x00000000bb800000, 0x00000000bccc0000, 0x00000000c0a00000)
  object space 21248K, 61% used [0x00000000bb800000,0x00000000bc4c25a8,0x00000000bccc0000)
}
Event: 4.346 GC heap before
{Heap before GC invocations=8 (full 0):
 PSYoungGen      total 69504K, used 65051K [0x00000000eae00000, 0x00000000f36a0000, 0x0000000000000000)
  eden space 65024K, 99% used [0x00000000eae00000,0x00000000eed5fbd0,0x00000000eed80000)
  from space 4480K, 3% used [0x00000000eed80000,0x00000000eeda7340,0x00000000ef1e0000)
  to   space 4928K, 0% used [0x00000000f31d0000,0x00000000f31d0000,0x00000000f36a0000)
 ParOldGen       total 43264K, used 4886K [0x00000000c0a00000, 0x00000000c3440000, 0x00000000eae00000)
  object space 43264K, 11% used [0x00000000c0a00000,0x00000000c0ec5838,0x00000000c3440000)
 PSPermGen       total 21248K, used 13065K [0x00000000bb800000, 0x00000000bccc0000, 0x00000000c0a00000)
  object space 21248K, 61% used [0x00000000bb800000,0x00000000bc4c25a8,0x00000000bccc0000)
Event: 4.346 GC heap after
Heap after GC invocations=8 (full 0):
 PSYoungGen      total 134784K, used 367K [0x00000000eae00000, 0x00000000f3700000, 0x0000000000000000)
  eden space 129856K, 0% used [0x00000000eae00000,0x00000000eae00000,0x00000000f2cd0000)
  from space 4928K, 7% used [0x00000000f31d0000,0x00000000f322bc40,0x00000000f36a0000)
  to   space 5120K, 0% used [0x00000000f2cd0000,0x00000000f2cd0000,0x00000000f31d0000)
 ParOldGen       total 43264K, used 4886K [0x00000000c0a00000, 0x00000000c3440000, 0x00000000eae00000)
  object space 43264K, 11% used [0x00000000c0a00000,0x00000000c0ec5838,0x00000000c3440000)
 PSPermGen       total 21248K, used 13065K [0x00000000bb800000, 0x00000000bccc0000, 0x00000000c0a00000)
  object space 21248K, 61% used [0x00000000bb800000,0x00000000bc4c25a8,0x00000000bccc0000)
}
Event: 40.550 GC heap before
{Heap before GC invocations=9 (full 0):
 PSYoungGen      total 134784K, used 130223K [0x00000000eae00000, 0x00000000f3700000, 0x0000000000000000)
  eden space 129856K, 100% used [0x00000000eae00000,0x00000000f2cd0000,0x00000000f2cd0000)
  from space 4928K, 7% used [0x00000000f31d0000,0x00000000f322bc40,0x00000000f36a0000)
  to   space 5120K, 0% used [0x00000000f2cd0000,0x00000000f2cd0000,0x00000000f31d0000)
 ParOldGen       total 43264K, used 4886K [0x00000000c0a00000, 0x00000000c3440000, 0x00000000eae00000)
  object space 43264K, 11% used [0x00000000c0a00000,0x00000000c0ec5838,0x00000000c3440000)
 PSPermGen       total 21248K, used 16398K [0x00000000bb800000, 0x00000000bccc0000, 0x00000000c0a00000)
  object space 21248K, 77% used [0x00000000bb800000,0x00000000bc803b90,0x00000000bccc0000)
Event: 40.570 GC heap after
Heap after GC invocations=9 (full 0):
 PSYoungGen      total 134976K, used 5115K [0x00000000eae00000, 0x00000000f8750000, 0x0000000000000000)
  eden space 129856K, 0% used [0x00000000eae00000,0x00000000eae00000,0x00000000f2cd0000)
  from space 5120K, 99% used [0x00000000f2cd0000,0x00000000f31cedf8,0x00000000f31d0000)
  to   space 7360K, 0% used [0x00000000f8020000,0x00000000f8020000,0x00000000f8750000)
 ParOldGen       total 43264K, used 8392K [0x00000000c0a00000, 0x00000000c3440000, 0x00000000eae00000)
  object space 43264K, 19% used [0x00000000c0a00000,0x00000000c1232118,0x00000000c3440000)
 PSPermGen       total 21248K, used 16398K [0x00000000bb800000, 0x00000000bccc0000, 0x00000000c0a00000)
  object space 21248K, 77% used [0x00000000bb800000,0x00000000bc803b90,0x00000000bccc0000)
}

Deoptimization events (10 events):
Event: 16.376 Thread 0x000000000a933000 Uncommon trap -34 fr.pc 0x00000000025937ec
Event: 16.376 Thread 0x000000000a933000 Uncommon trap -34 fr.pc 0x0000000002573cfc
Event: 16.377 Thread 0x000000000a933000 Uncommon trap -34 fr.pc 0x00000000025937ec
Event: 16.377 Thread 0x000000000a933000 Uncommon trap -34 fr.pc 0x00000000025937ec
Event: 16.377 Thread 0x000000000a933000 Uncommon trap -34 fr.pc 0x00000000025937ec
Event: 16.536 Thread 0x000000000a933000 Uncommon trap -34 fr.pc 0x0000000002573cfc
Event: 16.653 Thread 0x000000000a933000 Uncommon trap -34 fr.pc 0x0000000002573cfc
Event: 16.791 Thread 0x000000000a933000 Uncommon trap -34 fr.pc 0x0000000002573cfc
Event: 314.679 Thread 0x000000000a934800 Uncommon trap -83 fr.pc 0x00000000025f311c
Event: 314.706 Thread 0x000000000a933000 Uncommon trap -83 fr.pc 0x00000000025a05c4

Internal exceptions (10 events):
Event: 3.535 Thread 0x000000000a937000 Implicit null exception at 0x00000000024d93ef to 0x00000000024d9921
Event: 4.078 Thread 0x000000000a937000 Implicit null exception at 0x00000000024d63c3 to 0x00000000024d64f5
Event: 4.078 Thread 0x000000000a937000 Implicit null exception at 0x00000000024ec949 to 0x00000000024ecc5d
Event: 4.550 Thread 0x000000000a934800 Implicit null exception at 0x000000000250bb04 to 0x000000000250be65
Event: 5.723 Thread 0x000000000a934800 Threw 0x00000000eccd09f0 at C:\jdk7u2_64p\jdk7u4\hotspot\src\share\vm\prims\jvm.cpp:1166
Event: 5.723 Thread 0x000000000a934800 Threw 0x00000000eccd1500 at C:\jdk7u2_64p\jdk7u4\hotspot\src\share\vm\prims\jvm.cpp:1166
Event: 5.731 Thread 0x000000000a934800 Threw 0x00000000eccdf228 at C:\jdk7u2_64p\jdk7u4\hotspot\src\share\vm\prims\jvm.cpp:1166
Event: 5.732 Thread 0x000000000a934800 Threw 0x00000000eccdfd68 at C:\jdk7u2_64p\jdk7u4\hotspot\src\share\vm\prims\jvm.cpp:1166
Event: 5.732 Thread 0x000000000a934800 Threw 0x00000000ecce0ed8 at C:\jdk7u2_64p\jdk7u4\hotspot\src\share\vm\prims\jvm.cpp:1166
Event: 5.733 Thread 0x000000000a934800 Threw 0x00000000ecce1a68 at C:\jdk7u2_64p\jdk7u4\hotspot\src\share\vm\prims\jvm.cpp:1166

Events (10 events):
Event: 81.236 loading class 0x0000000008c08000
Event: 81.236 loading class 0x0000000008c08000 done
Event: 81.241 Thread 0x0000000008c28800 flushing nmethod 0x0000000002593450
Event: 252.408 Thread 0x0000000008c3c800 flushing nmethod 0x0000000002572f50
Event: 314.679 Thread 0x000000000a934800 DEOPT PACKING pc=0x00000000025f311c sp=0x000000000bb6e710
Event: 314.679 Thread 0x000000000a934800 DEOPT UNPACKING pc=0x0000000002459164 sp=0x000000000bb6e6b0 mode 2
Event: 314.706 Thread 0x000000000a933000 DEOPT PACKING pc=0x00000000025a05c4 sp=0x000000000b16ec90
Event: 314.706 Thread 0x000000000a933000 DEOPT UNPACKING pc=0x0000000002459164 sp=0x000000000b16ec28 mode 2
Event: 315.392 loading class 0x0000000008c668d0
Event: 315.392 loading class 0x0000000008c668d0 done


Dynamic libraries:
0x000000003f050000 - 0x000000003f084000 	C:\Program Files\Java\jre7\bin\javaw.exe
0x0000000077ca0000 - 0x0000000077e4b000 	C:\Windows\SYSTEM32\ntdll.dll
0x0000000077a80000 - 0x0000000077b9f000 	C:\Windows\system32\kernel32.dll
0x00000000fdcb0000 - 0x00000000fdd1b000 	C:\Windows\system32\KERNELBASE.dll
0x00000000fe530000 - 0x00000000fe60b000 	C:\Windows\system32\ADVAPI32.dll
0x00000000ffe10000 - 0x00000000ffeaf000 	C:\Windows\system32\msvcrt.dll
0x00000000fff90000 - 0x00000000fffaf000 	C:\Windows\SYSTEM32\sechost.dll
0x00000000fdfd0000 - 0x00000000fe0fe000 	C:\Windows\system32\RPCRT4.dll
0x0000000077ba0000 - 0x0000000077c9a000 	C:\Windows\system32\USER32.dll
0x00000000fe910000 - 0x00000000fe977000 	C:\Windows\system32\GDI32.dll
0x00000000fe8a0000 - 0x00000000fe8ae000 	C:\Windows\system32\LPK.dll
0x00000000ff9b0000 - 0x00000000ffa7a000 	C:\Windows\system32\USP10.dll
0x00000000fc3f0000 - 0x00000000fc5e4000 	C:\Windows\WinSxS\amd64_microsoft.windows.common-controls_6595b64144ccf1df_6.0.7600.16385_none_fa645303170382f6\COMCTL32.dll
0x00000000fe820000 - 0x00000000fe891000 	C:\Windows\system32\SHLWAPI.dll
0x00000000ff7d0000 - 0x00000000ff7fe000 	C:\Windows\system32\IMM32.DLL
0x00000000ff8a0000 - 0x00000000ff9a9000 	C:\Windows\system32\MSCTF.dll
0x000000006f2b0000 - 0x000000006f381000 	C:\Program Files\Java\jre7\bin\msvcr100.dll
0x000000006ceb0000 - 0x000000006d5ca000 	C:\Program Files\Java\jre7\bin\server\jvm.dll
0x00000000f62e0000 - 0x00000000f62e9000 	C:\Windows\system32\WSOCK32.dll
0x00000000fe4e0000 - 0x00000000fe52d000 	C:\Windows\system32\WS2_32.dll
0x00000000fe900000 - 0x00000000fe908000 	C:\Windows\system32\NSI.dll
0x00000000fa830000 - 0x00000000fa86b000 	C:\Windows\system32\WINMM.dll
0x0000000077e70000 - 0x0000000077e77000 	C:\Windows\system32\PSAPI.DLL
0x000000006fed0000 - 0x000000006fedf000 	C:\Program Files\Java\jre7\bin\verify.dll
0x000000006fea0000 - 0x000000006fec8000 	C:\Program Files\Java\jre7\bin\java.dll
0x000000006fe80000 - 0x000000006fe95000 	C:\Program Files\Java\jre7\bin\zip.dll
0x000000006a8f0000 - 0x000000006a9c1000 	C:\Program Files\Oracle\JavaFX 2.1 Runtime\bin\msvcr100.dll
0x00000000fbf70000 - 0x00000000fbf7f000 	C:\Program Files\Oracle\JavaFX 2.1 Runtime\bin\prism-d3d.dll
0x00000000ebfb0000 - 0x00000000ec1af000 	C:\Windows\system32\d3d9.dll
0x00000000fcd20000 - 0x00000000fcd2c000 	C:\Windows\system32\VERSION.dll
0x00000000f2090000 - 0x00000000f2097000 	C:\Windows\system32\d3d8thk.dll
0x00000000fbc40000 - 0x00000000fbc58000 	C:\Windows\system32\dwmapi.dll
0x00000000fc190000 - 0x00000000fc1e6000 	C:\Windows\system32\uxtheme.dll
0x0000000075640000 - 0x0000000075729000 	C:\Windows\system32\aticfx64.dll
0x00000000f2030000 - 0x00000000f203e000 	C:\Windows\system32\atiu9p64.dll
0x000000006eb50000 - 0x000000006f288000 	C:\Windows\system32\atiumd64.dll
0x000000006f5e0000 - 0x000000006f9cf000 	C:\Windows\system32\atiumd6a.dll
0x00000000fa400000 - 0x00000000fa42f000 	C:\Program Files\Oracle\JavaFX 2.1 Runtime\bin\glass.dll
0x00000000fe980000 - 0x00000000fea18000 	C:\Windows\system32\COMDLG32.dll
0x00000000fea40000 - 0x00000000ff7c6000 	C:\Windows\system32\SHELL32.dll
0x00000000fe610000 - 0x00000000fe811000 	C:\Windows\system32\ole32.dll
0x00000000ffeb0000 - 0x00000000fff87000 	C:\Windows\system32\OLEAUT32.dll
0x00000000fdb30000 - 0x00000000fdb3f000 	C:\Windows\system32\CRYPTBASE.dll
0x00000000fa370000 - 0x00000000fa3fc000 	C:\Program Files\Oracle\JavaFX 2.1 Runtime\bin\libxml2.dll
0x00000000f8bc0000 - 0x00000000f8bf3000 	C:\Program Files\Oracle\JavaFX 2.1 Runtime\bin\libxslt.dll
0x0000000066c50000 - 0x000000006792c000 	C:\Program Files\Oracle\JavaFX 2.1 Runtime\bin\WebPaneJava.dll
0x00000000fd4d0000 - 0x00000000fd4e7000 	C:\Windows\system32\CRYPTSP.dll
0x00000000fd1d0000 - 0x00000000fd217000 	C:\Windows\system32\rsaenh.dll
0x00000000ff800000 - 0x00000000ff899000 	C:\Windows\system32\CLBCatQ.DLL
0x00000000fb980000 - 0x00000000fbaaa000 	C:\Windows\system32\WindowsCodecs.dll
0x00000000fdad0000 - 0x00000000fdb27000 	C:\Windows\system32\apphelp.dll
0x00000000f7b90000 - 0x00000000f7bc5000 	C:\Windows\system32\EhStorShell.dll
0x00000000ffc30000 - 0x00000000ffe07000 	C:\Windows\system32\SETUPAPI.dll
0x00000000fdd20000 - 0x00000000fdd56000 	C:\Windows\system32\CFGMGR32.dll
0x00000000fde40000 - 0x00000000fde5a000 	C:\Windows\system32\DEVOBJ.dll
0x00000000fc630000 - 0x00000000fc75c000 	C:\Windows\system32\PROPSYS.dll
0x00000000f7b10000 - 0x00000000f7b8e000 	C:\Windows\System32\cscui.dll
0x00000000f7b00000 - 0x00000000f7b0c000 	C:\Windows\System32\CSCDLL.dll
0x00000000fc8c0000 - 0x00000000fc8cf000 	C:\Windows\system32\CSCAPI.dll
0x00000000f7a80000 - 0x00000000f7b00000 	C:\Windows\system32\ntshrui.dll
0x00000000fd770000 - 0x00000000fd793000 	C:\Windows\system32\srvcli.dll
0x00000000fbb00000 - 0x00000000fbb0b000 	C:\Windows\system32\slc.dll
0x00000000f8b40000 - 0x00000000f8b8f000 	C:\Program Files\Oracle\JavaFX 2.1 Runtime\bin\javafx-font.dll
0x000000006f420000 - 0x000000006f444000 	C:\Program Files\Java\jre7\bin\sunec.dll
0x000000006d620000 - 0x000000006d62b000 	C:\Program Files\Java\jre7\bin\sunmscapi.dll
0x00000000fde60000 - 0x00000000fdfc6000 	C:\Windows\system32\CRYPT32.dll
0x00000000fdca0000 - 0x00000000fdcaf000 	C:\Windows\system32\MSASN1.dll
0x00000000fcf40000 - 0x00000000fcf5e000 	C:\Windows\system32\USERENV.dll
0x00000000fdc00000 - 0x00000000fdc0f000 	C:\Windows\system32\profapi.dll
0x000000006fe60000 - 0x000000006fe79000 	C:\Program Files\Java\jre7\bin\net.dll
0x00000000fd470000 - 0x00000000fd4c4000 	C:\Windows\system32\mswsock.dll
0x00000000fd460000 - 0x00000000fd467000 	C:\Windows\System32\wship6.dll
0x00000000fbce0000 - 0x00000000fbcf5000 	C:\Windows\system32\NLAapi.dll
0x00000000fd2f0000 - 0x00000000fd34b000 	C:\Windows\system32\DNSAPI.dll
0x00000000fb770000 - 0x00000000fb77b000 	C:\Windows\System32\winrnr.dll
0x00000000fb4b0000 - 0x00000000fb4c5000 	C:\Windows\system32\napinsp.dll
0x00000000faae0000 - 0x00000000faaf9000 	C:\Windows\system32\pnrpnsp.dll
0x0000000063560000 - 0x0000000063569000 	C:\Program Files\National Instruments\Shared\mDNS Responder\nimdnsNSP.dll
0x0000000063550000 - 0x000000006355c000 	C:\Windows\system32\nimdnsResponder.dll
0x0000000073e90000 - 0x0000000073f33000 	C:\Windows\WinSxS\amd64_microsoft.vc90.crt_1fc8b3b9a1e18e3b_9.0.30729.6161_none_08e61857a83bc251\MSVCR90.dll
0x00000000fb910000 - 0x00000000fb937000 	C:\Windows\system32\Iphlpapi.DLL
0x00000000fb900000 - 0x00000000fb90b000 	C:\Windows\system32\WINNSI.DLL
0x00000000fce40000 - 0x00000000fce47000 	C:\Windows\System32\wshtcpip.dll
0x00000000f9dd0000 - 0x00000000f9dd8000 	C:\Windows\system32\rasadhlp.dll
0x00000000fb610000 - 0x00000000fb663000 	C:\Windows\System32\fwpuclnt.dll
0x000000006f450000 - 0x000000006f461000 	C:\Program Files\Java\jre7\bin\nio.dll
0x00000000f8ab0000 - 0x00000000f8b3a000 	C:\Program Files\Oracle\JavaFX 2.1 Runtime\bin\glib-lite.dll
0x00000000eb910000 - 0x00000000eb9ae000 	C:\Program Files\Oracle\JavaFX 2.1 Runtime\bin\gstreamer-lite.dll
0x00000000f70d0000 - 0x00000000f7158000 	C:\Windows\system32\DSOUND.dll
0x00000000fcdf0000 - 0x00000000fce1c000 	C:\Windows\system32\POWRPROF.dll
0x00000000f1cd0000 - 0x00000000f1cf6000 	C:\Program Files\Oracle\JavaFX 2.1 Runtime\bin\jfxmedia.dll
0x00000000fdaa0000 - 0x00000000fdac5000 	C:\Windows\system32\SspiCli.dll
0x00000000f1ca0000 - 0x00000000f1cce000 	C:\Program Files\Oracle\JavaFX 2.1 Runtime\bin\fxplugins.dll
0x00000000f1920000 - 0x00000000f195a000 	C:\Program Files\Oracle\JavaFX 2.1 Runtime\bin\javafx-iio.dll
0x00000000eb2f0000 - 0x00000000eb35c000 	C:\Windows\System32\MFPlat.DLL
0x00000000fcb50000 - 0x00000000fcb59000 	C:\Windows\System32\AVRT.dll
0x00000000fc760000 - 0x00000000fc7ab000 	C:\Windows\System32\MMDevApi.dll
0x00000000fb460000 - 0x00000000fb4af000 	C:\Windows\system32\AUDIOSES.DLL
0x00000000e9e10000 - 0x00000000ea098000 	C:\Windows\System32\msmpeg2vdec.dll
0x00000000eb410000 - 0x00000000eb4ae000 	C:\Windows\System32\EVR.dll
0x00000000f9040000 - 0x00000000f9080000 	C:\Windows\System32\sqmapi.dll
0x00000000fd620000 - 0x00000000fd642000 	C:\Windows\System32\bcrypt.dll
0x00000000eade0000 - 0x00000000eaf23000 	C:\Windows\System32\msmpeg2adec.dll
0x00000000eb130000 - 0x00000000eb2e2000 	C:\Windows\system32\quartz.dll
0x00000000ef010000 - 0x00000000ef135000 	C:\Windows\system32\dbghelp.dll

VM Arguments:
jvm_args: -Dfile.encoding=Cp1252 -Xbootclasspath/a:C:\Program Files\Oracle\JavaFX 2.1 Runtime\lib\jfxrt.jar 
java_command: mainPack.JavaFX_WebViewYoutube
Launcher Type: SUN_STANDARD

Environment Variables:
PATH=C:\Program Files (x86)\AMD APP\bin\x86_64;C:\Program Files (x86)\AMD APP\bin\x86;C:\Windows\system32;C:\Windows;C:\Windows\System32\Wbem;C:\Windows\System32\WindowsPowerShell\v1.0\;C:\Program Files (x86)\ATI Technologies\ATI.ACE\Core-Static;C:\Users\niki\Downloads\lastfm-java-0.1.2;C:\Modeltech_pe_edu_10.1d\win32pe_edu;C:\Modeltech_pe_edu_10.2a\win32pe_edu
USERNAME=niki
OS=Windows_NT
PROCESSOR_IDENTIFIER=Intel64 Family 6 Model 42 Stepping 7, GenuineIntel



---------------  S Y S T E M  ---------------

OS: Windows 7 , 64 bit Build 7600 

CPU:total 4 (2 cores per cpu, 2 threads per core) family 6 model 42 stepping 7, cmov, cx8, fxsr, mmx, sse, sse2, sse3, ssse3, sse4.1, sse4.2, popcnt, ht, tsc, tscinvbit

Memory: 4k page, physical 4153144k(1412404k free), swap 8304392k(4463836k free)

vm_info: Java HotSpot(TM) 64-Bit Server VM (23.0-b21) for windows-amd64 JRE (1.7.0_04-b22), built on May  2 2012 23:28:26 by "java_re" with unknown MS VC++:1600

time: Wed May 15 07:47:06 2013
elapsed time: 315 seconds

